INFO 2019-12-01 19:53:28,696 root : -----------------------------------------------------------------
INFO 2019-12-01 19:53:28,697 root : Сервер доступний. Статуст код = 200
INFO 2019-12-01 19:53:28,697 root : Сервер доступний. Час на сервері: 2019-12-01 17:53:28
INFO 2019-12-01 19:53:28,697 root : Запитувана сторінка: : /health/
INFO 2019-12-01 19:53:28,697 root : Інформація про сервер: {'System': 'Linux', 'Release': '4.15.0-20-generic', 'Type': 'x86_64'}
INFO 2019-12-01 19:53:28,697 root : Інформація про клієнта: python-requests/2.22.0
INFO 2019-12-01 19:54:28,757 root : -----------------------------------------------------------------
INFO 2019-12-01 19:54:28,757 root : Сервер доступний. Статуст код = 200
INFO 2019-12-01 19:54:28,757 root : Сервер доступний. Час на сервері: 2019-12-01 17:54:28
INFO 2019-12-01 19:54:28,757 root : Запитувана сторінка: : /health/
INFO 2019-12-01 19:54:28,757 root : Інформація про сервер: {'System': 'Linux', 'Release': '4.15.0-20-generic', 'Type': 'x86_64'}
INFO 2019-12-01 19:54:28,757 root : Інформація про клієнта: python-requests/2.22.0
INFO 2019-12-01 19:55:28,812 root : -----------------------------------------------------------------
INFO 2019-12-01 19:55:28,812 root : Сервер доступний. Статуст код = 200
INFO 2019-12-01 19:55:28,812 root : Сервер доступний. Час на сервері: 2019-12-01 17:55:28
INFO 2019-12-01 19:55:28,812 root : Запитувана сторінка: : /health/
INFO 2019-12-01 19:55:28,812 root : Інформація про сервер: {'System': 'Linux', 'Release': '4.15.0-20-generic', 'Type': 'x86_64'}
INFO 2019-12-01 19:55:28,812 root : Інформація про клієнта: python-requests/2.22.0
INFO 2019-12-01 19:03:20,856 root : -----------------------------------------------------------------
INFO 2019-12-01 19:03:20,857 root : Сервер доступний. Статуст код = 200
INFO 2019-12-01 19:03:20,857 root : Сервер доступний. Час на сервері: 2019-12-01 19:03:20
INFO 2019-12-01 19:03:20,857 root : Запитувана сторінка: : /health/
INFO 2019-12-01 19:03:20,857 root : Інформація про сервер: {'System': 'Linux', 'Release': '4.15.0-20-generic', 'Type': 'x86_64'}
INFO 2019-12-01 19:03:20,857 root : Інформація про клієнта: python-requests/2.22.0
INFO 2019-12-01 19:04:20,912 root : -----------------------------------------------------------------
INFO 2019-12-01 19:04:20,912 root : Сервер доступний. Статуст код = 200
INFO 2019-12-01 19:04:20,912 root : Сервер доступний. Час на сервері: 2019-12-01 19:04:20
INFO 2019-12-01 19:04:20,912 root : Запитувана сторінка: : /health/
INFO 2019-12-01 19:04:20,913 root : Інформація про сервер: {'System': 'Linux', 'Release': '4.15.0-20-generic', 'Type': 'x86_64'}
INFO 2019-12-01 19:04:20,913 root : Інформація про клієнта: python-requests/2.22.0
INFO 2019-12-01 19:05:21,025 root : -----------------------------------------------------------------
INFO 2019-12-01 19:05:21,025 root : Сервер доступний. Статуст код = 200
INFO 2019-12-01 19:05:21,025 root : Сервер доступний. Час на сервері: 2019-12-01 19:05:20
INFO 2019-12-01 19:05:21,025 root : Запитувана сторінка: : /health/
INFO 2019-12-01 19:05:21,025 root : Інформація про сервер: {'System': 'Linux', 'Release': '4.15.0-20-generic', 'Type': 'x86_64'}
INFO 2019-12-01 19:05:21,025 root : Інформація про клієнта: python-requests/2.22.0
INFO 2019-12-01 19:06:21,086 root : -----------------------------------------------------------------
INFO 2019-12-01 19:06:21,086 root : Сервер доступний. Статуст код = 200
INFO 2019-12-01 19:06:21,086 root : Сервер доступний. Час на сервері: 2019-12-01 19:06:21
INFO 2019-12-01 19:06:21,086 root : Запитувана сторінка: : /health/
INFO 2019-12-01 19:06:21,086 root : Інформація про сервер: {'System': 'Linux', 'Release': '4.15.0-20-generic', 'Type': 'x86_64'}
INFO 2019-12-01 19:06:21,086 root : Інформація про клієнта: python-requests/2.22.0
INFO 2019-12-01 19:07:21,192 root : -----------------------------------------------------------------
INFO 2019-12-01 19:07:21,193 root : Сервер доступний. Статуст код = 200
INFO 2019-12-01 19:07:21,193 root : Сервер доступний. Час на сервері: 2019-12-01 19:07:21
INFO 2019-12-01 19:07:21,193 root : Запитувана сторінка: : /health/
INFO 2019-12-01 19:07:21,193 root : Інформація про сервер: {'System': 'Linux', 'Release': '4.15.0-20-generic', 'Type': 'x86_64'}
INFO 2019-12-01 19:07:21,193 root : Інформація про клієнта: python-requests/2.22.0
INFO 2019-12-01 19:08:21,310 root : -----------------------------------------------------------------
INFO 2019-12-01 19:08:21,311 root : Сервер доступний. Статуст код = 200
INFO 2019-12-01 19:08:21,311 root : Сервер доступний. Час на сервері: 2019-12-01 19:08:21
INFO 2019-12-01 19:08:21,311 root : Запитувана сторінка: : /health/
INFO 2019-12-01 19:08:21,311 root : Інформація про сервер: {'System': 'Linux', 'Release': '4.15.0-20-generic', 'Type': 'x86_64'}
INFO 2019-12-01 19:08:21,311 root : Інформація про клієнта: python-requests/2.22.0
INFO 2019-12-01 19:09:21,425 root : -----------------------------------------------------------------
INFO 2019-12-01 19:09:21,425 root : Сервер доступний. Статуст код = 200
INFO 2019-12-01 19:09:21,425 root : Сервер доступний. Час на сервері: 2019-12-01 19:09:21
INFO 2019-12-01 19:09:21,425 root : Запитувана сторінка: : /health/
INFO 2019-12-01 19:09:21,425 root : Інформація про сервер: {'System': 'Linux', 'Release': '4.15.0-20-generic', 'Type': 'x86_64'}
INFO 2019-12-01 19:09:21,425 root : Інформація про клієнта: python-requests/2.22.0
